Build started 2021/7/8 15:09:53.
     1>Project "D:\project\TotalWars\Engine\Engine.vcxproj" on node 2 (Build target(s)).
     1>ClCompile:
         C:\Program Files (x86)\Microsoft Visual Studio 14.0\VC\bin\CL.exe /c /ID:\project\TotalWars\Engine\ /ZI /nologo /W3 /WX- /sdl /Od /Oy- /D _CRT_SECURE_NO_WARNINGS /D _UNICODE /D UNICODE /Gm /EHsc /RTC1 /MDd /GS /fp:precise /Zc:wchar_t /Zc:forScope /Zc:inline /Fo"Debug\\" /Fd"Debug\Engine.pdb" /Gd /TP /analyze- /errorReport:prompt unittest\test_settings.cpp
         test_settings.cpp
     1>d:\project\totalwars\engine\utils\string_utils.h(354): warning C4244: 'return': conversion from 'double' to 'float', possible loss of data
     1>d:\project\totalwars\engine\utils\time_utils.h(68): warning C4244: 'return': conversion from 'double' to 'uint64_t', possible loss of data
     1>d:\project\totalwars\engine\unittest\test_settings.cpp(10): warning C4101: 'e': unreferenced local variable
     1>d:\project\totalwars\engine\unittest\test_settings.cpp(11): warning C4101: 'e': unreferenced local variable
     1>d:\project\totalwars\engine\unittest\test_settings.cpp(12): warning C4101: 'e': unreferenced local variable
     1>d:\project\totalwars\engine\unittest\test_settings.cpp(124): warning C4305: 'argument': truncation from 'double' to 'float'
     1>d:\project\totalwars\engine\unittest\test_settings.cpp(181): warning C4101: 'e': unreferenced local variable
       Lib:
         C:\Program Files (x86)\Microsoft Visual Studio 14.0\VC\bin\Lib.exe /OUT:"D:\project\TotalWars\frameworks\runtime-src\proj.win32\Debug.win32\Engine.lib" /NOLOGO Debug\BaseApp.obj
         Debug\debug.obj
         Debug\filesys.obj
         Debug\log.obj
         Debug\mathutil.obj
         Debug\vector2d.obj
         Debug\settings.obj
         Debug\test.obj
         Debug\test_settings.obj
         Debug\string_utils.obj
         Debug\time_utils.obj
     1>vector2d.obj : warning LNK4221: This object file does not define any previously undefined public symbols, so it will not be used by any link operation that consumes this library
         Engine.vcxproj -> D:\project\TotalWars\frameworks\runtime-src\proj.win32\Debug.win32\Engine.lib
     1>Done Building Project "D:\project\TotalWars\Engine\Engine.vcxproj" (Build target(s)).

Build succeeded.

Time Elapsed 00:00:01.74
