  Animation.c
  AnimationState.c
  AnimationStateData.c
  Atlas.c
  AtlasAttachmentLoader.c
  Attachment.c
  AttachmentLoader.c
  Bone.c
  BoneData.c
  BoundingBoxAttachment.c
  Event.c
  EventData.c
  extension.c
  IkConstraint.c
  IkConstraintData.c
  Json.c
  MeshAttachment.c
  PathAttachment.c
  PathConstraint.c
  PathConstraintData.c
  RegionAttachment.c
  Skeleton.c
  SkeletonBinary.c
  SkeletonBounds.c
  SkeletonData.c
  SkeletonJson.c
  Skin.c
  Slot.c
  SlotData.c
e:\projects\totalwars\frameworks\cocos2d-x\cocos\editor-support\spine\skeletonbinary.c(294): warning C4018: '<': signed/unsigned mismatch
e:\projects\totalwars\frameworks\cocos2d-x\cocos\editor-support\spine\skeletonbinary.c(357): warning C4018: '<': signed/unsigned mismatch
e:\projects\totalwars\frameworks\cocos2d-x\cocos\editor-support\spine\skeletonbinary.c(469): warning C4018: '<': signed/unsigned mismatch
  TransformConstraint.c
  TransformConstraintData.c
  VertexAttachment.c
  AttachmentVertices.cpp
  Cocos2dAttachmentLoader.cpp
  SkeletonAnimation.cpp
  SkeletonBatch.cpp
  SkeletonRenderer.cpp
  spine-cocos2dx.cpp
  libSpine.vcxproj -> E:\projects\TotalWars\frameworks\runtime-src\proj.win32\Debug.win32\libSpine.lib
